<?xml version="1.0" encoding="UTF-8"?>
<!-- Generated by org.testng.reporters.JUnitReportReporter -->
<testsuite skipped="0" hostname="Neringa-PC" name="tests.Testai" tests="1" failures="0" timestamp="2020-05-22T13:32:43 EEST" time="1.645" errors="0">
  <testcase name="should_open_page" time="1.645" classname="tests.Testai"/>
</testsuite> <!-- tests.Testai -->
