<?xml version="1.0" encoding="UTF-8"?>
<!-- Generated by org.testng.reporters.JUnitReportReporter -->
<testsuite hostname="Neringa-PC" name="tests.NauTest" tests="1" failures="0" timestamp="5 May 2020 05:56:26 GMT" time="1.318" errors="0">
  <testcase name="should_be_able_to_open_login" time="1.318" classname="tests.NauTest"/>
</testsuite> <!-- tests.NauTest -->
