<?xml version="1.0" encoding="UTF-8"?>
<!-- Generated by org.testng.reporters.JUnitReportReporter -->
<testsuite hostname="Neringa-PC" name="tests.Login" tests="1" failures="0" timestamp="15 May 2020 11:49:02 GMT" time="1.057" errors="0">
  <testcase name="should_be_able_to_reach_page" time="1.057" classname="tests.Login"/>
</testsuite> <!-- tests.Login -->
